{"/Users/tyler/code/base/RIT/f2016/webeng/swen344project/gulpfile.js":{"path":"/Users/tyler/code/base/RIT/f2016/webeng/swen344project/gulpfile.js","s":{"1":1,"2":1,"3":1,"4":1,"5":1,"6":1,"7":0,"8":1,"9":0,"10":0,"11":0,"12":1,"13":0,"14":1,"15":0,"16":1,"17":0,"18":1,"19":1,"20":1,"21":0,"22":0,"23":1,"24":0,"25":1,"26":0,"27":1,"28":0,"29":1,"30":0,"31":1,"32":0,"33":0,"34":0,"35":0,"36":0,"37":1},"b":{},"f":{"1":0,"2":0,"3":0,"4":0,"5":0,"6":1,"7":0,"8":0,"9":0,"10":0,"11":0,"12":0,"13":0},"fnMap":{"1":{"name":"(anonymous_1)","line":32,"loc":{"start":{"line":32,"column":17},"end":{"line":32,"column":36}}},"2":{"name":"(anonymous_2)","line":37,"loc":{"start":{"line":37,"column":20},"end":{"line":37,"column":31}}},"3":{"name":"(anonymous_3)","line":50,"loc":{"start":{"line":50,"column":18},"end":{"line":50,"column":30}}},"4":{"name":"(anonymous_4)","line":58,"loc":{"start":{"line":58,"column":17},"end":{"line":58,"column":29}}},"5":{"name":"(anonymous_5)","line":65,"loc":{"start":{"line":65,"column":16},"end":{"line":65,"column":28}}},"6":{"name":"(anonymous_6)","line":72,"loc":{"start":{"line":72,"column":19},"end":{"line":72,"column":30}}},"7":{"name":"(anonymous_7)","line":80,"loc":{"start":{"line":80,"column":69},"end":{"line":80,"column":80}}},"8":{"name":"(anonymous_8)","line":81,"loc":{"start":{"line":81,"column":33},"end":{"line":81,"column":43}}},"9":{"name":"(anonymous_9)","line":87,"loc":{"start":{"line":87,"column":19},"end":{"line":87,"column":30}}},"10":{"name":"(anonymous_10)","line":93,"loc":{"start":{"line":93,"column":18},"end":{"line":93,"column":29}}},"11":{"name":"(anonymous_11)","line":100,"loc":{"start":{"line":100,"column":20},"end":{"line":100,"column":31}}},"12":{"name":"(anonymous_12)","line":106,"loc":{"start":{"line":106,"column":24},"end":{"line":106,"column":35}}},"13":{"name":"(anonymous_13)","line":119,"loc":{"start":{"line":119,"column":29},"end":{"line":119,"column":40}}}},"statementMap":{"1":{"start":{"line":3,"column":0},"end":{"line":15,"column":41}},"2":{"start":{"line":18,"column":0},"end":{"line":23,"column":42}},"3":{"start":{"line":26,"column":0},"end":{"line":26,"column":23}},"4":{"start":{"line":28,"column":0},"end":{"line":28,"column":47}},"5":{"start":{"line":30,"column":0},"end":{"line":30,"column":33}},"6":{"start":{"line":32,"column":0},"end":{"line":35,"column":3}},"7":{"start":{"line":34,"column":4},"end":{"line":34,"column":52}},"8":{"start":{"line":37,"column":0},"end":{"line":46,"column":3}},"9":{"start":{"line":38,"column":4},"end":{"line":38,"column":48}},"10":{"start":{"line":39,"column":4},"end":{"line":42,"column":7}},"11":{"start":{"line":44,"column":4},"end":{"line":45,"column":36}},"12":{"start":{"line":50,"column":0},"end":{"line":56,"column":3}},"13":{"start":{"line":51,"column":4},"end":{"line":54,"column":35}},"14":{"start":{"line":58,"column":0},"end":{"line":62,"column":3}},"15":{"start":{"line":59,"column":4},"end":{"line":61,"column":54}},"16":{"start":{"line":65,"column":0},"end":{"line":70,"column":3}},"17":{"start":{"line":66,"column":3},"end":{"line":69,"column":51}},"18":{"start":{"line":72,"column":0},"end":{"line":76,"column":3}},"19":{"start":{"line":73,"column":4},"end":{"line":75,"column":21}},"20":{"start":{"line":80,"column":0},"end":{"line":83,"column":3}},"21":{"start":{"line":81,"column":4},"end":{"line":81,"column":47}},"22":{"start":{"line":82,"column":4},"end":{"line":82,"column":25}},"23":{"start":{"line":87,"column":0},"end":{"line":90,"column":3}},"24":{"start":{"line":88,"column":4},"end":{"line":89,"column":37}},"25":{"start":{"line":93,"column":0},"end":{"line":97,"column":3}},"26":{"start":{"line":94,"column":4},"end":{"line":96,"column":49}},"27":{"start":{"line":100,"column":0},"end":{"line":103,"column":2}},"28":{"start":{"line":101,"column":4},"end":{"line":102,"column":48}},"29":{"start":{"line":106,"column":0},"end":{"line":117,"column":3}},"30":{"start":{"line":108,"column":4},"end":{"line":116,"column":32}},"31":{"start":{"line":119,"column":0},"end":{"line":137,"column":3}},"32":{"start":{"line":121,"column":4},"end":{"line":121,"column":30}},"33":{"start":{"line":123,"column":4},"end":{"line":123,"column":35}},"34":{"start":{"line":126,"column":4},"end":{"line":129,"column":3}},"35":{"start":{"line":131,"column":0},"end":{"line":133,"column":3}},"36":{"start":{"line":135,"column":0},"end":{"line":135,"column":54}},"37":{"start":{"line":139,"column":0},"end":{"line":139,"column":39}}},"branchMap":{}},"/Users/tyler/code/base/RIT/f2016/webeng/swen344project/spec/helloworld.spec.js":{"path":"/Users/tyler/code/base/RIT/f2016/webeng/swen344project/spec/helloworld.spec.js","s":{"1":1,"2":1,"3":1},"b":{},"f":{"1":1,"2":1},"fnMap":{"1":{"name":"(anonymous_1)","line":3,"loc":{"start":{"line":3,"column":24},"end":{"line":3,"column":35}}},"2":{"name":"(anonymous_2)","line":4,"loc":{"start":{"line":4,"column":29},"end":{"line":4,"column":40}}}},"statementMap":{"1":{"start":{"line":3,"column":0},"end":{"line":7,"column":3}},"2":{"start":{"line":4,"column":4},"end":{"line":6,"column":7}},"3":{"start":{"line":5,"column":8},"end":{"line":5,"column":50}}},"branchMap":{}},"/Users/tyler/code/base/RIT/f2016/webeng/swen344project/app.js":{"path":"/Users/tyler/code/base/RIT/f2016/webeng/swen344project/app.js","s":{"1":0,"2":0,"3":0,"4":0,"5":0,"6":0,"7":0,"8":0,"9":0,"10":0,"11":0,"12":0,"13":0,"14":0,"15":0,"16":0,"17":0,"18":0,"19":0,"20":0,"21":0,"22":0,"23":0,"24":0,"25":0,"26":0,"27":0,"28":0,"29":0,"30":0,"31":0},"b":{"1":[0,0],"2":[0,0],"3":[0,0]},"f":{"1":0,"2":0,"3":0},"fnMap":{"1":{"name":"(anonymous_1)","line":30,"loc":{"start":{"line":30,"column":8},"end":{"line":30,"column":33}}},"2":{"name":"(anonymous_2)","line":41,"loc":{"start":{"line":41,"column":10},"end":{"line":41,"column":40}}},"3":{"name":"(anonymous_3)","line":52,"loc":{"start":{"line":52,"column":8},"end":{"line":52,"column":38}}}},"statementMap":{"1":{"start":{"line":1,"column":0},"end":{"line":1,"column":33}},"2":{"start":{"line":2,"column":0},"end":{"line":2,"column":27}},"3":{"start":{"line":3,"column":0},"end":{"line":3,"column":39}},"4":{"start":{"line":4,"column":0},"end":{"line":4,"column":31}},"5":{"start":{"line":5,"column":0},"end":{"line":5,"column":44}},"6":{"start":{"line":6,"column":0},"end":{"line":6,"column":40}},"7":{"start":{"line":8,"column":0},"end":{"line":8,"column":39}},"8":{"start":{"line":9,"column":0},"end":{"line":9,"column":38}},"9":{"start":{"line":11,"column":0},"end":{"line":11,"column":20}},"10":{"start":{"line":14,"column":0},"end":{"line":14,"column":48}},"11":{"start":{"line":15,"column":0},"end":{"line":15,"column":45}},"12":{"start":{"line":16,"column":0},"end":{"line":16,"column":31}},"13":{"start":{"line":20,"column":0},"end":{"line":20,"column":23}},"14":{"start":{"line":21,"column":0},"end":{"line":21,"column":27}},"15":{"start":{"line":22,"column":0},"end":{"line":22,"column":52}},"16":{"start":{"line":23,"column":0},"end":{"line":23,"column":24}},"17":{"start":{"line":24,"column":0},"end":{"line":24,"column":56}},"18":{"start":{"line":26,"column":0},"end":{"line":26,"column":21}},"19":{"start":{"line":27,"column":0},"end":{"line":27,"column":25}},"20":{"start":{"line":30,"column":0},"end":{"line":34,"column":3}},"21":{"start":{"line":31,"column":2},"end":{"line":31,"column":35}},"22":{"start":{"line":32,"column":2},"end":{"line":32,"column":19}},"23":{"start":{"line":33,"column":2},"end":{"line":33,"column":12}},"24":{"start":{"line":40,"column":0},"end":{"line":48,"column":1}},"25":{"start":{"line":41,"column":2},"end":{"line":47,"column":5}},"26":{"start":{"line":42,"column":4},"end":{"line":42,"column":34}},"27":{"start":{"line":43,"column":4},"end":{"line":46,"column":7}},"28":{"start":{"line":52,"column":0},"end":{"line":58,"column":3}},"29":{"start":{"line":53,"column":2},"end":{"line":53,"column":32}},"30":{"start":{"line":54,"column":2},"end":{"line":57,"column":5}},"31":{"start":{"line":61,"column":0},"end":{"line":61,"column":21}}},"branchMap":{"1":{"line":40,"type":"if","locations":[{"start":{"line":40,"column":0},"end":{"line":40,"column":0}},{"start":{"line":40,"column":0},"end":{"line":40,"column":0}}]},"2":{"line":42,"type":"binary-expr","locations":[{"start":{"line":42,"column":15},"end":{"line":42,"column":25}},{"start":{"line":42,"column":29},"end":{"line":42,"column":32}}]},"3":{"line":53,"type":"binary-expr","locations":[{"start":{"line":53,"column":13},"end":{"line":53,"column":23}},{"start":{"line":53,"column":27},"end":{"line":53,"column":30}}]}}},"/Users/tyler/code/base/RIT/f2016/webeng/swen344project/dist/public/javascripts/all.js":{"path":"/Users/tyler/code/base/RIT/f2016/webeng/swen344project/dist/public/javascripts/all.js","s":{"1":0,"2":0,"3":0,"4":0,"5":0,"6":0},"b":{"1":[0,0,0]},"f":{"1":0},"fnMap":{"1":{"name":"loremIpsum","line":1,"loc":{"start":{"line":1,"column":0},"end":{"line":1,"column":22}}}},"statementMap":{"1":{"start":{"line":1,"column":0},"end":{"line":1,"column":3218}},"2":{"start":{"line":1,"column":23},"end":{"line":1,"column":2881}},"3":{"start":{"line":1,"column":2881},"end":{"line":1,"column":3092}},"4":{"start":{"line":1,"column":2898},"end":{"line":1,"column":2946}},"5":{"start":{"line":1,"column":2946},"end":{"line":1,"column":3091}},"6":{"start":{"line":1,"column":3092},"end":{"line":1,"column":3217}}},"branchMap":{"1":{"line":1,"type":"binary-expr","locations":[{"start":{"line":1,"column":2946},"end":{"line":1,"column":2983}},{"start":{"line":1,"column":2985},"end":{"line":1,"column":3022}},{"start":{"line":1,"column":3025},"end":{"line":1,"column":3081}}]}}},"/Users/tyler/code/base/RIT/f2016/webeng/swen344project/public/javascripts/toast.js":{"path":"/Users/tyler/code/base/RIT/f2016/webeng/swen344project/public/javascripts/toast.js","s":{"1":0,"2":0,"3":0,"4":0,"5":0,"6":0,"7":0,"8":0,"9":0,"10":0,"11":0,"12":0},"b":{"1":[0,0],"2":[0,0]},"f":{"1":0},"fnMap":{"1":{"name":"loremIpsum","line":4,"loc":{"start":{"line":4,"column":0},"end":{"line":4,"column":26}}}},"statementMap":{"1":{"start":{"line":4,"column":0},"end":{"line":19,"column":1}},"2":{"start":{"line":5,"column":1},"end":{"line":5,"column":2826}},"3":{"start":{"line":6,"column":1},"end":{"line":6,"column":23}},"4":{"start":{"line":7,"column":1},"end":{"line":7,"column":24}},"5":{"start":{"line":9,"column":1},"end":{"line":9,"column":84}},"6":{"start":{"line":10,"column":1},"end":{"line":10,"column":14}},"7":{"start":{"line":11,"column":1},"end":{"line":17,"column":2}},"8":{"start":{"line":12,"column":2},"end":{"line":12,"column":95}},"9":{"start":{"line":13,"column":2},"end":{"line":15,"column":3}},"10":{"start":{"line":14,"column":3},"end":{"line":14,"column":85}},"11":{"start":{"line":16,"column":2},"end":{"line":16,"column":22}},"12":{"start":{"line":18,"column":1},"end":{"line":18,"column":145}}},"branchMap":{"1":{"line":13,"type":"if","locations":[{"start":{"line":13,"column":2},"end":{"line":13,"column":2}},{"start":{"line":13,"column":2},"end":{"line":13,"column":2}}]},"2":{"line":13,"type":"binary-expr","locations":[{"start":{"line":13,"column":6},"end":{"line":13,"column":51}},{"start":{"line":13,"column":55},"end":{"line":13,"column":100}}]}}},"/Users/tyler/code/base/RIT/f2016/webeng/swen344project/routes/index.js":{"path":"/Users/tyler/code/base/RIT/f2016/webeng/swen344project/routes/index.js","s":{"1":0,"2":0,"3":0,"4":0,"5":0,"6":0,"7":0},"b":{},"f":{"1":0,"2":0},"fnMap":{"1":{"name":"(anonymous_1)","line":5,"loc":{"start":{"line":5,"column":16},"end":{"line":5,"column":34}}},"2":{"name":"(anonymous_2)","line":10,"loc":{"start":{"line":10,"column":16},"end":{"line":10,"column":41}}}},"statementMap":{"1":{"start":{"line":1,"column":0},"end":{"line":1,"column":33}},"2":{"start":{"line":2,"column":0},"end":{"line":2,"column":30}},"3":{"start":{"line":5,"column":0},"end":{"line":7,"column":2}},"4":{"start":{"line":6,"column":1},"end":{"line":6,"column":39}},"5":{"start":{"line":10,"column":0},"end":{"line":12,"column":3}},"6":{"start":{"line":11,"column":2},"end":{"line":11,"column":44}},"7":{"start":{"line":14,"column":0},"end":{"line":14,"column":24}}},"branchMap":{}},"/Users/tyler/code/base/RIT/f2016/webeng/swen344project/routes/users.js":{"path":"/Users/tyler/code/base/RIT/f2016/webeng/swen344project/routes/users.js","s":{"1":0,"2":0,"3":0,"4":0,"5":0},"b":{},"f":{"1":0},"fnMap":{"1":{"name":"(anonymous_1)","line":5,"loc":{"start":{"line":5,"column":16},"end":{"line":5,"column":41}}}},"statementMap":{"1":{"start":{"line":1,"column":0},"end":{"line":1,"column":33}},"2":{"start":{"line":2,"column":0},"end":{"line":2,"column":30}},"3":{"start":{"line":5,"column":0},"end":{"line":7,"column":3}},"4":{"start":{"line":6,"column":2},"end":{"line":6,"column":38}},"5":{"start":{"line":9,"column":0},"end":{"line":9,"column":24}}},"branchMap":{}}}