TN:
SF:/Users/tyler/code/base/RIT/f2016/webeng/swen344project/gulpfile.js
FN:32,(anonymous_1)
FN:37,(anonymous_2)
FN:50,(anonymous_3)
FN:58,(anonymous_4)
FN:65,(anonymous_5)
FN:72,(anonymous_6)
FN:80,(anonymous_7)
FN:81,(anonymous_8)
FN:87,(anonymous_9)
FN:93,(anonymous_10)
FN:100,(anonymous_11)
FN:106,(anonymous_12)
FN:119,(anonymous_13)
FNF:13
FNH:1
FNDA:0,(anonymous_1)
FNDA:0,(anonymous_2)
FNDA:0,(anonymous_3)
FNDA:0,(anonymous_4)
FNDA:0,(anonymous_5)
FNDA:1,(anonymous_6)
FNDA:0,(anonymous_7)
FNDA:0,(anonymous_8)
FNDA:0,(anonymous_9)
FNDA:0,(anonymous_10)
FNDA:0,(anonymous_11)
FNDA:0,(anonymous_12)
FNDA:0,(anonymous_13)
DA:3,1
DA:18,1
DA:26,1
DA:28,1
DA:30,1
DA:32,1
DA:34,0
DA:37,1
DA:38,0
DA:39,0
DA:44,0
DA:50,1
DA:51,0
DA:58,1
DA:59,0
DA:65,1
DA:66,0
DA:72,1
DA:73,1
DA:80,1
DA:81,0
DA:82,0
DA:87,1
DA:88,0
DA:93,1
DA:94,0
DA:100,1
DA:101,0
DA:106,1
DA:108,0
DA:119,1
DA:121,0
DA:123,0
DA:126,0
DA:131,0
DA:135,0
DA:139,1
LF:37
LH:19
BRF:0
BRH:0
end_of_record
TN:
SF:/Users/tyler/code/base/RIT/f2016/webeng/swen344project/spec/helloworld.spec.js
FN:3,(anonymous_1)
FN:4,(anonymous_2)
FNF:2
FNH:2
FNDA:1,(anonymous_1)
FNDA:1,(anonymous_2)
DA:3,1
DA:4,1
DA:5,1
LF:3
LH:3
BRF:0
BRH:0
end_of_record
TN:
SF:/Users/tyler/code/base/RIT/f2016/webeng/swen344project/app.js
FN:30,(anonymous_1)
FN:41,(anonymous_2)
FN:52,(anonymous_3)
FNF:3
FNH:0
FNDA:0,(anonymous_1)
FNDA:0,(anonymous_2)
FNDA:0,(anonymous_3)
DA:1,0
DA:2,0
DA:3,0
DA:4,0
DA:5,0
DA:6,0
DA:8,0
DA:9,0
DA:11,0
DA:14,0
DA:15,0
DA:16,0
DA:20,0
DA:21,0
DA:22,0
DA:23,0
DA:24,0
DA:26,0
DA:27,0
DA:30,0
DA:31,0
DA:32,0
DA:33,0
DA:40,0
DA:41,0
DA:42,0
DA:43,0
DA:52,0
DA:53,0
DA:54,0
DA:61,0
LF:31
LH:0
BRDA:40,1,0,0
BRDA:40,1,1,0
BRDA:42,2,0,0
BRDA:42,2,1,0
BRDA:53,3,0,0
BRDA:53,3,1,0
BRF:6
BRH:0
end_of_record
TN:
SF:/Users/tyler/code/base/RIT/f2016/webeng/swen344project/dist/public/javascripts/all.js
FN:1,loremIpsum
FNF:1
FNH:0
FNDA:0,loremIpsum
DA:1,0
LF:1
LH:0
BRDA:1,1,0,0
BRDA:1,1,1,0
BRDA:1,1,2,0
BRF:3
BRH:0
end_of_record
TN:
SF:/Users/tyler/code/base/RIT/f2016/webeng/swen344project/public/javascripts/toast.js
FN:4,loremIpsum
FNF:1
FNH:0
FNDA:0,loremIpsum
DA:4,0
DA:5,0
DA:6,0
DA:7,0
DA:9,0
DA:10,0
DA:11,0
DA:12,0
DA:13,0
DA:14,0
DA:16,0
DA:18,0
LF:12
LH:0
BRDA:13,1,0,0
BRDA:13,1,1,0
BRDA:13,2,0,0
BRDA:13,2,1,0
BRF:4
BRH:0
end_of_record
TN:
SF:/Users/tyler/code/base/RIT/f2016/webeng/swen344project/routes/index.js
FN:5,(anonymous_1)
FN:10,(anonymous_2)
FNF:2
FNH:0
FNDA:0,(anonymous_1)
FNDA:0,(anonymous_2)
DA:1,0
DA:2,0
DA:5,0
DA:6,0
DA:10,0
DA:11,0
DA:14,0
LF:7
LH:0
BRF:0
BRH:0
end_of_record
TN:
SF:/Users/tyler/code/base/RIT/f2016/webeng/swen344project/routes/users.js
FN:5,(anonymous_1)
FNF:1
FNH:0
FNDA:0,(anonymous_1)
DA:1,0
DA:2,0
DA:5,0
DA:6,0
DA:9,0
LF:5
LH:0
BRF:0
BRH:0
end_of_record
